<?xml version="1.0" encoding="UTF-8" ?>
<testsuite failures="0" time="0.033" errors="0" skipped="0" tests="1" name="test.java.br.com.junitpoc.PessoaBOTest">
  <properties>
    <property name="java.vm.vendor.url.bug" value="http://download.oracle.com/docs/cd/E15289_01/go2troubleshooting.html"/>
    <property name="java.runtime.name" value="Java(TM) SE Runtime Environment"/>
    <property name="sun.boot.library.path" value="C:\Program Files\Java\jrockit-jdk1.6.0_45-R28.2.7-4.1.0\jre\bin"/>
    <property name="java.vm.version" value="R28.2.7-7-155314-1.6.0_45-20130329-0646-windows-x86_64"/>
    <property name="java.vm.vendor" value="Oracle Corporation"/>
    <property name="java.vendor.url" value="http://www.oracle.com/"/>
    <property name="path.separator" value=";"/>
    <property name="guice.disable.misplaced.annotation.check" value="true"/>
    <property name="java.vm.name" value="Oracle JRockit(R)"/>
    <property name="file.encoding.pkg" value="sun.io"/>
    <property name="user.country" value="BR"/>
    <property name="sun.java.launcher" value="SUN_STANDARD"/>
    <property name="sun.os.patch.level" value="Service Pack 1"/>
    <property name="java.vm.vendor.url" value="http://www.oracle.com/"/>
    <property name="java.vm.specification.name" value="Java Virtual Machine Specification"/>
    <property name="user.dir" value="C:\workspace_eclipse_vanderlei\junitpoc"/>
    <property name="java.runtime.version" value="1.6.0_45-b06"/>
    <property name="java.awt.graphicsenv" value="sun.awt.Win32GraphicsEnvironment"/>
    <property name="java.endorsed.dirs" value="C:\Program Files\Java\jrockit-jdk1.6.0_45-R28.2.7-4.1.0\jre\lib\endorsed"/>
    <property name="os.arch" value="amd64"/>
    <property name="java.io.tmpdir" value="C:\Users\BRVPS9\AppData\Local\Temp\"/>
    <property name="line.separator" value="
"/>
    <property name="java.vm.specification.vendor" value="Sun Microsystems Inc."/>
    <property name="user.variant" value=""/>
    <property name="os.name" value="Windows 7"/>
    <property name="classworlds.conf" value="C:\workspace_eclipse_vanderlei\.metadata\.plugins\org.eclipse.m2e.launching\launches\m2conf3223893869543578546.tmp"/>
    <property name="sun.jnu.encoding" value="Cp1252"/>
    <property name="java.library.path" value="C:\Program Files\Java\jrockit-jdk1.6.0_45-R28.2.7-4.1.0\bin;C:\WINDOWS\system32;C:\WINDOWS;C:\WINDOWS\system32;C:\WINDOWS;C:\WINDOWS\System32\Wbem;C:\WINDOWS\System32\WindowsPowerShell\v1.0\;C:\Windows\CCM;C:\WINDOWS\system32;C:\WINDOWS;C:\WINDOWS\System32\Wbem;C:\WINDOWS\System32\WindowsPowerShell\v1.0\;C:\Windows\CCM;C:\Program Files\Java\jrockit-jdk1.6.0_45-R28.2.7-4.1.0\bin;;."/>
    <property name="java.specification.name" value="Java Platform API Specification"/>
    <property name="java.class.version" value="50.0"/>
    <property name="sun.management.compiler" value="Oracle JRockit(R) Optimizing Compiler"/>
    <property name="os.version" value="6.1"/>
    <property name="user.home" value="C:\Users\BRVPS9"/>
    <property name="user.timezone" value="America/Sao_Paulo"/>
    <property name="java.awt.printerjob" value="sun.awt.windows.WPrinterJob"/>
    <property name="java.specification.version" value="1.6"/>
    <property name="file.encoding" value="Cp1252"/>
    <property name="user.name" value="brvps9"/>
    <property name="java.class.path" value="/C:/eclipse-jee-luna-SR2-win32-x86_64/eclipse/plugins/org.eclipse.m2e.maven.runtime_1.5.1.20150109-1819/jars/plexus-classworlds-2.5.1.jar"/>
    <property name="org.slf4j.simpleLogger.defaultLogLevel" value="info"/>
    <property name="java.vm.specification.version" value="1.0"/>
    <property name="sun.arch.data.model" value="64"/>
    <property name="java.home" value="C:\Program Files\Java\jrockit-jdk1.6.0_45-R28.2.7-4.1.0\jre"/>
    <property name="sun.java.command" value="org.codehaus.plexus.classworlds.launcher.Launcher -B"/>
    <property name="java.specification.vendor" value="Sun Microsystems Inc."/>
    <property name="user.language" value="pt"/>
    <property name="awt.toolkit" value="sun.awt.windows.WToolkit"/>
    <property name="java.vm.info" value="compiled mode"/>
    <property name="java.version" value="1.6.0_45"/>
    <property name="java.ext.dirs" value="C:\Program Files\Java\jrockit-jdk1.6.0_45-R28.2.7-4.1.0\jre\lib\ext"/>
    <property name="kernel.download.enabled" value="false"/>
    <property name="sun.boot.class.path" value="C:\Program Files\Java\jrockit-jdk1.6.0_45-R28.2.7-4.1.0\jre\lib\resources.jar;C:\Program Files\Java\jrockit-jdk1.6.0_45-R28.2.7-4.1.0\jre\lib\rt.jar;C:\Program Files\Java\jrockit-jdk1.6.0_45-R28.2.7-4.1.0\jre\lib\sunrsasign.jar;C:\Program Files\Java\jrockit-jdk1.6.0_45-R28.2.7-4.1.0\jre\lib\jsse.jar;C:\Program Files\Java\jrockit-jdk1.6.0_45-R28.2.7-4.1.0\jre\lib\jce.jar;C:\Program Files\Java\jrockit-jdk1.6.0_45-R28.2.7-4.1.0\jre\lib\charsets.jar;C:\Program Files\Java\jrockit-jdk1.6.0_45-R28.2.7-4.1.0\jre\classes"/>
    <property name="java.vendor" value="Oracle Corporation"/>
    <property name="maven.home" value="C:\workspace_eclipse_vanderlei\junitpoc\EMBEDDED"/>
    <property name="file.separator" value="\"/>
    <property name="java.vendor.url.bug" value="http://download.oracle.com/docs/cd/E15289_01/go2troubleshooting.html"/>
    <property name="sun.cpu.endian" value="little"/>
    <property name="sun.io.unicode.encoding" value="UnicodeLittle"/>
    <property name="sun.desktop" value="windows"/>
    <property name="sun.cpu.isalist" value="amd64"/>
  </properties>
  <testcase time="0.033" classname="test.java.br.com.junitpoc.PessoaBOTest" name="recuperaPessoaMaisVelhaTest"/>
</testsuite>